<?xml version="1.0" encoding="UTF-8"?>
<!-- Generated by org.testng.reporters.JUnitXMLReporter -->
<testsuite ignored="0" hostname="DESKTOP-6AUG6SK" failures="1" tests="3" name="Tutorials Ninja Automation testcases" time="36.898" errors="0" timestamp="2024-03-03T23:36:30 IST">
  <testcase classname="com.tutorialsninja.qa.testcases.Search" name="verifySearchWithValidProduct" time="0.954"/>
  <testcase classname="com.tutorialsninja.qa.testcases.Search" name="verifySearchWithInValidProduct" time="1.156">
    <failure type="java.lang.AssertionError" message="proper message for no product message is not displayed expected [There is noo product that matches the search criteria.] but found [There is no product that matches the search criteria.]">
      <![CDATA[java.lang.AssertionError: proper message for no product message is not displayed expected [There is noo product that matches the search criteria.] but found [There is no product that matches the search criteria.]
at com.tutorialsninja.qa.testcases.Search.verifySearchWithInValidProduct(Search.java:54)
at java.base/java.util.ArrayList.forEach(ArrayList.java:1511)
... Removed 32 stack frames]]>
    </failure>
  </testcase> <!-- verifySearchWithInValidProduct -->
  <testcase classname="com.tutorialsninja.qa.testcases.Search" name="verifySearchWithoutAnyProduct" time="0.731"/>
</testsuite> <!-- Tutorials Ninja Automation testcases -->
